{"uid":"2cd46dd316397df3","name":"test_serch_without_any_product","fullName":"tests.test_search.TestSearch#test_serch_without_any_product","historyId":"4174079a30bf12b055dff7d54211f9aa","time":{"start":1748459865959,"stop":1748459866496,"duration":537},"status":"failed","statusMessage":"AssertionError: assert 'no product that matches the search criteria.ABC' in 'there is no product that matches the search criteria.'\n +  where 'there is no product that matches the search criteria.' = <built-in method lower of str object at 0x000001CA51165890>()\n +    where <built-in method lower of str object at 0x000001CA51165890> = 'There is no product that matches the search criteria.'.lower\n +      where 'There is no product that matches the search criteria.' = display_status_of_invalid_product()\n +        where display_status_of_invalid_product = <pages.SearchPage.SearchPage object at 0x000001CA51063250>.display_status_of_invalid_product","statusTrace":"self = <tests.test_search.TestSearch object at 0x000001CA510C9220>\n\n    def test_serch_without_any_product(self):\n        home_page=HomePage(self.driver)\n        search_page = home_page.search_for_a_product(\"\")\n>       assert \"no product that matches the search criteria.ABC\" in search_page.display_status_of_invalid_product().lower()\nE       AssertionError: assert 'no product that matches the search criteria.ABC' in 'there is no product that matches the search criteria.'\nE        +  where 'there is no product that matches the search criteria.' = <built-in method lower of str object at 0x000001CA51165890>()\nE        +    where <built-in method lower of str object at 0x000001CA51165890> = 'There is no product that matches the search criteria.'.lower\nE        +      where 'There is no product that matches the search criteria.' = display_status_of_invalid_product()\nE        +        where display_status_of_invalid_product = <pages.SearchPage.SearchPage object at 0x000001CA51063250>.display_status_of_invalid_product\n\ntests\\test_search.py:28: AssertionError","flaky":false,"newFailed":false,"newBroken":false,"newPassed":false,"retriesCount":0,"retriesStatusChange":false,"beforeStages":[{"name":"setup_browser","time":{"start":1748459860588,"stop":1748459864632,"duration":4044},"status":"passed","steps":[],"attachments":[],"parameters":[],"hasContent":false,"attachmentsCount":0,"shouldDisplayMessage":false,"stepsCount":0,"attachmentStep":false},{"name":"log_on_failure","time":{"start":1748459865957,"stop":1748459865958,"duration":1},"status":"passed","steps":[],"attachments":[],"parameters":[],"hasContent":false,"attachmentsCount":0,"shouldDisplayMessage":false,"stepsCount":0,"attachmentStep":false},{"name":"logout_after_test","time":{"start":1748459865957,"stop":1748459865957,"duration":0},"status":"passed","steps":[],"attachments":[],"parameters":[],"hasContent":false,"attachmentsCount":0,"shouldDisplayMessage":false,"stepsCount":0,"attachmentStep":false}],"testStage":{"status":"failed","statusMessage":"AssertionError: assert 'no product that matches the search criteria.ABC' in 'there is no product that matches the search criteria.'\n +  where 'there is no product that matches the search criteria.' = <built-in method lower of str object at 0x000001CA51165890>()\n +    where <built-in method lower of str object at 0x000001CA51165890> = 'There is no product that matches the search criteria.'.lower\n +      where 'There is no product that matches the search criteria.' = display_status_of_invalid_product()\n +        where display_status_of_invalid_product = <pages.SearchPage.SearchPage object at 0x000001CA51063250>.display_status_of_invalid_product","statusTrace":"self = <tests.test_search.TestSearch object at 0x000001CA510C9220>\n\n    def test_serch_without_any_product(self):\n        home_page=HomePage(self.driver)\n        search_page = home_page.search_for_a_product(\"\")\n>       assert \"no product that matches the search criteria.ABC\" in search_page.display_status_of_invalid_product().lower()\nE       AssertionError: assert 'no product that matches the search criteria.ABC' in 'there is no product that matches the search criteria.'\nE        +  where 'there is no product that matches the search criteria.' = <built-in method lower of str object at 0x000001CA51165890>()\nE        +    where <built-in method lower of str object at 0x000001CA51165890> = 'There is no product that matches the search criteria.'.lower\nE        +      where 'There is no product that matches the search criteria.' = display_status_of_invalid_product()\nE        +        where display_status_of_invalid_product = <pages.SearchPage.SearchPage object at 0x000001CA51063250>.display_status_of_invalid_product\n\ntests\\test_search.py:28: AssertionError","steps":[],"attachments":[{"uid":"29cae2dacad7f6da","name":"stdout","source":"29cae2dacad7f6da.txt","type":"text/plain","size":93}],"parameters":[],"hasContent":true,"attachmentsCount":1,"shouldDisplayMessage":true,"stepsCount":0,"attachmentStep":false},"afterStages":[{"name":"log_on_failure::0","time":{"start":1748459866612,"stop":1748459866714,"duration":102},"status":"passed","steps":[],"attachments":[{"uid":"ac8753df1e552c7c","name":"search_without_product","source":"ac8753df1e552c7c.png","type":"image/png","size":46194}],"parameters":[],"hasContent":true,"attachmentsCount":1,"shouldDisplayMessage":false,"stepsCount":0,"attachmentStep":false},{"name":"logout_after_test::0","time":{"start":1748459866715,"stop":1748459866730,"duration":15},"status":"passed","steps":[],"attachments":[],"parameters":[],"hasContent":false,"attachmentsCount":0,"shouldDisplayMessage":false,"stepsCount":0,"attachmentStep":false},{"name":"setup_browser::0","time":{"start":1748459866731,"stop":1748459869022,"duration":2291},"status":"passed","steps":[],"attachments":[],"parameters":[],"hasContent":false,"attachmentsCount":0,"shouldDisplayMessage":false,"stepsCount":0,"attachmentStep":false}],"labels":[{"name":"tag","value":"@pytest.mark.usefixtures('setup_browser', 'log_on_failure')"},{"name":"parentSuite","value":"tests"},{"name":"suite","value":"test_search"},{"name":"subSuite","value":"TestSearch"},{"name":"host","value":"DESKTOP-NB7SSLR"},{"name":"thread","value":"10936-MainThread"},{"name":"framework","value":"pytest"},{"name":"language","value":"cpython3"},{"name":"package","value":"tests.test_search"},{"name":"resultFormat","value":"allure2"}],"parameters":[],"links":[],"hidden":true,"retry":true,"extra":{"categories":[],"tags":["@pytest.mark.usefixtures('setup_browser', 'log_on_failure')"]},"source":"2cd46dd316397df3.json","parameterValues":[]}